<?xml version="1.0" encoding="UTF-8"?>
<!-- Generated by org.testng.reporters.JUnitReportReporter -->
<testsuite hostname="shivkumarj-w10" failures="0" tests="1" name="testSuite.VerifyProductDetailsTest" time="92.848" errors="0" timestamp="2021-03-25T12:54:29 IST" skipped="0">
  <testcase classname="testSuite.VerifyProductDetailsTest" name="verifyProductDetailsOnCheckoutScreen" time="92.848"/>
  <system-out/>
</testsuite> <!-- testSuite.VerifyProductDetailsTest -->
